{"name": "test_trip_report", "status": "broken", "statusDetails": {"message": "selenium.common.exceptions.NoSuchElementException: Message: no such element: Unable to locate element: {\"method\":\"xpath\",\"selector\":\"(//li[@role='menuitem'])[1]\"}\n  (Session info: chrome=133.0.6943.98); For documentation on this error, please visit: https://www.selenium.dev/documentation/webdriver/troubleshooting/errors#no-such-element-exception\nStacktrace:\n\tGetHandleVerifier [0x008C02D3+25139]\n\t(No symbol) [0x0084B284]\n\t(No symbol) [0x007204A3]\n\t(No symbol) [0x00768338]\n\t(No symbol) [0x0076868B]\n\t(No symbol) [0x007B0F62]\n\t(No symbol) [0x0078CF84]\n\t(No symbol) [0x007AE6E1]\n\t(No symbol) [0x0078CD36]\n\t(No symbol) [0x0075BD29]\n\t(No symbol) [0x0075D064]\n\tGetHandleVerifier [0x00BCB193+3215603]\n\tGetHandleVerifier [0x00BE230A+3310186]\n\tGetHandleVerifier [0x00BDC522+3286146]\n\tGetHandleVerifier [0x00959CD0+654384]\n\t(No symbol) [0x0085460D]\n\t(No symbol) [0x008514F8]\n\t(No symbol) [0x00851697]\n\t(No symbol) [0x00843D70]\n\tBaseThreadInitThunk [0x76A35D49+25]\n\tRtlInitializeExceptionChain [0x7764CDEB+107]\n\tRtlGetAppContainerNamedObjectPath [0x7764CD71+561]", "trace": "@allure.description(\"Verify the Trips Report functionality, including XLSX and PDF downloads, Mail Report, Scheduled Report, and Show Report options.\")\n    def test_trip_report():\n        chrome_options = Options()\n        chrome_options.debugger_address = \"localhost:9222\"\n        service = Service(ChromeDriverManager().install())\n        driver = webdriver.Chrome(service=service, options=chrome_options)\n        driver.implicitly_wait(10)\n        driver.maximize_window()\n        driver.get(\"https://login.advancedtelematics.co.uk/\")\n        time.sleep(10)\n        driver.find_element(\"xpath\", \"(//div[@role='button'])[3]\").click()  # reports\n        time.sleep(2)\n        driver.find_element(\"xpath\", \"(//a[@tabindex='0'])[5]\").click()  # trip\n        time.sleep(5)\n        driver.find_element(\"xpath\", \"(//div[@role='combobox'])[1]\").click()\n        time.sleep(3)\n        driver.find_element(\"xpath\", \"//li[text()='This Week']\").click()\n        # print(\"Title :\", driver.title)\n        driver.find_element(\"xpath\", \"(//input[@role='combobox'])\").click()\n        time.sleep(3)\n        driver.find_element(\"xpath\", \"(//input[@role='combobox'])\").send_keys(\"evd\")\n        time.sleep(3)\n        driver.find_element(\"xpath\", \"(//input[@role='combobox'])\").send_keys(Keys.ARROW_DOWN)\n        driver.find_element(\"xpath\", \"(//input[@role='combobox'])\").send_keys(Keys.ENTER)\n        time.sleep(3)\n        actions = ActionChains(driver)\n        demo = driver.find_element(By.XPATH, \"(//button[@type='button'])[7]\")\n        actions.click(demo).perform()\n        time.sleep(3)\n        # Export\n        actions = ActionChains(driver)\n        demo = driver.find_element(By.XPATH, \"(//button[@type='button'])[8]\")\n        actions.click(demo).perform()\n        time.sleep(3)\n>       driver.find_element(By.XPATH, \"(//li[@role='menuitem'])[1]\").click()\n\n3Reports\\test_2trip.py:45: \n_ _ _ _ _ _ _ _ _ _ _ _ _ _ _ _ _ _ _ _ _ _ _ _ _ _ _ _ _ _ _ _ _ _ _ _ _ _ _ _ _ _ _ _ _ _ _ _ _ _ _ _ _ _ _ _ _ _ _ _ _ _ _ _ _ _ _ _ _ _ _ _ _ _ _ _ _ _ _\nD:\\PycharmProjects\\venv\\Lib\\site-packages\\selenium\\webdriver\\remote\\webdriver.py:770: in find_element\n    return self.execute(Command.FIND_ELEMENT, {\"using\": by, \"value\": value})[\"value\"]\nD:\\PycharmProjects\\venv\\Lib\\site-packages\\selenium\\webdriver\\remote\\webdriver.py:384: in execute\n    self.error_handler.check_response(response)\n_ _ _ _ _ _ _ _ _ _ _ _ _ _ _ _ _ _ _ _ _ _ _ _ _ _ _ _ _ _ _ _ _ _ _ _ _ _ _ _ _ _ _ _ _ _ _ _ _ _ _ _ _ _ _ _ _ _ _ _ _ _ _ _ _ _ _ _ _ _ _ _ _ _ _ _ _ _ _\n\nself = <selenium.webdriver.remote.errorhandler.ErrorHandler object at 0x000001C16F1C5070>\nresponse = {'status': 404, 'value': '{\"value\":{\"error\":\"no such element\",\"message\":\"no such element: Unable to locate element: {\\...9+25]\\\\n\\\\tRtlInitializeExceptionChain [0x7764CDEB+107]\\\\n\\\\tRtlGetAppContainerNamedObjectPath [0x7764CD71+561]\\\\n\"}}'}\n\n    def check_response(self, response: Dict[str, Any]) -> None:\n        \"\"\"Checks that a JSON response from the WebDriver does not have an\n        error.\n    \n        :Args:\n         - response - The JSON response from the WebDriver server as a dictionary\n           object.\n    \n        :Raises: If the response contains an error message.\n        \"\"\"\n        status = response.get(\"status\", None)\n        if not status or status == ErrorCode.SUCCESS:\n            return\n        value = None\n        message = response.get(\"message\", \"\")\n        screen: str = response.get(\"screen\", \"\")\n        stacktrace = None\n        if isinstance(status, int):\n            value_json = response.get(\"value\", None)\n            if value_json and isinstance(value_json, str):\n                import json\n    \n                try:\n                    value = json.loads(value_json)\n                    if len(value) == 1:\n                        value = value[\"value\"]\n                    status = value.get(\"error\", None)\n                    if not status:\n                        status = value.get(\"status\", ErrorCode.UNKNOWN_ERROR)\n                        message = value.get(\"value\") or value.get(\"message\")\n                        if not isinstance(message, str):\n                            value = message\n                            message = message.get(\"message\")\n                    else:\n                        message = value.get(\"message\", None)\n                except ValueError:\n                    pass\n    \n        exception_class: Type[WebDriverException]\n        e = ErrorCode()\n        error_codes = [item for item in dir(e) if not item.startswith(\"__\")]\n        for error_code in error_codes:\n            error_info = getattr(ErrorCode, error_code)\n            if isinstance(error_info, list) and status in error_info:\n                exception_class = getattr(ExceptionMapping, error_code, WebDriverException)\n                break\n        else:\n            exception_class = WebDriverException\n    \n        if not value:\n            value = response[\"value\"]\n        if isinstance(value, str):\n            raise exception_class(value)\n        if message == \"\" and \"message\" in value:\n            message = value[\"message\"]\n    \n        screen = None  # type: ignore[assignment]\n        if \"screen\" in value:\n            screen = value[\"screen\"]\n    \n        stacktrace = None\n        st_value = value.get(\"stackTrace\") or value.get(\"stacktrace\")\n        if st_value:\n            if isinstance(st_value, str):\n                stacktrace = st_value.split(\"\\n\")\n            else:\n                stacktrace = []\n                try:\n                    for frame in st_value:\n                        line = frame.get(\"lineNumber\", \"\")\n                        file = frame.get(\"fileName\", \"<anonymous>\")\n                        if line:\n                            file = f\"{file}:{line}\"\n                        meth = frame.get(\"methodName\", \"<anonymous>\")\n                        if \"className\" in frame:\n                            meth = f\"{frame['className']}.{meth}\"\n                        msg = \"    at %s (%s)\"\n                        msg = msg % (meth, file)\n                        stacktrace.append(msg)\n                except TypeError:\n                    pass\n        if exception_class == UnexpectedAlertPresentException:\n            alert_text = None\n            if \"data\" in value:\n                alert_text = value[\"data\"].get(\"text\")\n            elif \"alert\" in value:\n                alert_text = value[\"alert\"].get(\"text\")\n            raise exception_class(message, screen, stacktrace, alert_text)  # type: ignore[call-arg]  # mypy is not smart enough here\n>       raise exception_class(message, screen, stacktrace)\nE       selenium.common.exceptions.NoSuchElementException: Message: no such element: Unable to locate element: {\"method\":\"xpath\",\"selector\":\"(//li[@role='menuitem'])[1]\"}\nE         (Session info: chrome=133.0.6943.98); For documentation on this error, please visit: https://www.selenium.dev/documentation/webdriver/troubleshooting/errors#no-such-element-exception\nE       Stacktrace:\nE       \tGetHandleVerifier [0x008C02D3+25139]\nE       \t(No symbol) [0x0084B284]\nE       \t(No symbol) [0x007204A3]\nE       \t(No symbol) [0x00768338]\nE       \t(No symbol) [0x0076868B]\nE       \t(No symbol) [0x007B0F62]\nE       \t(No symbol) [0x0078CF84]\nE       \t(No symbol) [0x007AE6E1]\nE       \t(No symbol) [0x0078CD36]\nE       \t(No symbol) [0x0075BD29]\nE       \t(No symbol) [0x0075D064]\nE       \tGetHandleVerifier [0x00BCB193+3215603]\nE       \tGetHandleVerifier [0x00BE230A+3310186]\nE       \tGetHandleVerifier [0x00BDC522+3286146]\nE       \tGetHandleVerifier [0x00959CD0+654384]\nE       \t(No symbol) [0x0085460D]\nE       \t(No symbol) [0x008514F8]\nE       \t(No symbol) [0x00851697]\nE       \t(No symbol) [0x00843D70]\nE       \tBaseThreadInitThunk [0x76A35D49+25]\nE       \tRtlInitializeExceptionChain [0x7764CDEB+107]\nE       \tRtlGetAppContainerNamedObjectPath [0x7764CD71+561]\n\nD:\\PycharmProjects\\venv\\Lib\\site-packages\\selenium\\webdriver\\remote\\errorhandler.py:232: NoSuchElementException"}, "description": "Verify the Trips Report functionality, including XLSX and PDF downloads, Mail Report, Scheduled Report, and Show Report options.", "start": 1739444216861, "stop": 1739444271323, "uuid": "4692f732-0dc7-4a67-b213-2e8267239f77", "historyId": "ffd660100d8d7bcbea9264dd8fb5f4ec", "testCaseId": "ffd660100d8d7bcbea9264dd8fb5f4ec", "fullName": "3Reports.test_2trip#test_trip_report", "labels": [{"name": "parentSuite", "value": "3Reports"}, {"name": "suite", "value": "test_2trip"}, {"name": "host", "value": "Sumesh"}, {"name": "thread", "value": "2836-MainThread"}, {"name": "framework", "value": "pytest"}, {"name": "language", "value": "cpython3"}, {"name": "package", "value": "3Reports.test_2trip"}]}