{"name": "test_device_info", "status": "broken", "statusDetails": {"message": "selenium.common.exceptions.NoSuchElementException: Message: no such element: Unable to locate element: {\"method\":\"xpath\",\"selector\":\"//button[text()='View All']\"}\n  (Session info: chrome=133.0.6943.98); For documentation on this error, please visit: https://www.selenium.dev/documentation/webdriver/troubleshooting/errors#no-such-element-exception\nStacktrace:\n\tGetHandleVerifier [0x008C02D3+25139]\n\t(No symbol) [0x0084B284]\n\t(No symbol) [0x007204A3]\n\t(No symbol) [0x00768338]\n\t(No symbol) [0x0076868B]\n\t(No symbol) [0x007B0F62]\n\t(No symbol) [0x0078CF84]\n\t(No symbol) [0x007AE6E1]\n\t(No symbol) [0x0078CD36]\n\t(No symbol) [0x0075BD29]\n\t(No symbol) [0x0075D064]\n\tGetHandleVerifier [0x00BCB193+3215603]\n\tGetHandleVerifier [0x00BE230A+3310186]\n\tGetHandleVerifier [0x00BDC522+3286146]\n\tGetHandleVerifier [0x00959CD0+654384]\n\t(No symbol) [0x0085460D]\n\t(No symbol) [0x008514F8]\n\t(No symbol) [0x00851697]\n\t(No symbol) [0x00843D70]\n\tBaseThreadInitThunk [0x76A35D49+25]\n\tRtlInitializeExceptionChain [0x7764CDEB+107]\n\tRtlGetAppContainerNamedObjectPath [0x7764CD71+561]", "trace": "@allure.description(\"Verify Device Info page\")\n    def test_device_info():\n        chrome_options = Options()\n        chrome_options.debugger_address = \"localhost:9222\"\n        service = Service(ChromeDriverManager().install())\n        driver = webdriver.Chrome(service=service, options=chrome_options)\n        driver.implicitly_wait(10)\n        driver.maximize_window()\n        driver.get(\"https://login.advancedtelematics.co.uk\")\n        time.sleep(20)\n        driver.get_screenshot_as_png()\n        driver.find_element(By.XPATH, \"//span[text()='Stopped']\").click()  # Running [2] & Stopped [3]\n        time.sleep(2)\n        driver.find_element(By.XPATH, \"(//div[@tabindex='0'])[11]\").click()\n        time.sleep(3)\n        driver.find_element(By.XPATH, \"(//div[@role='button'])[12]\").click()\n        time.sleep(3)\n        driver.save_screenshot(\"../Results&Status/Deviceinfo.png\")\n        driver.find_element(By.XPATH, \"(//div[@role='button'])[13]\").click()\n        time.sleep(3)\n>       driver.find_element(By.XPATH, \"//button[text()='View All']\").click()\n\n1Home\\test_deviceinfo.py:32: \n_ _ _ _ _ _ _ _ _ _ _ _ _ _ _ _ _ _ _ _ _ _ _ _ _ _ _ _ _ _ _ _ _ _ _ _ _ _ _ _ _ _ _ _ _ _ _ _ _ _ _ _ _ _ _ _ _ _ _ _ _ _ _ _ _ _ _ _ _ _ _ _ _ _ _ _ _ _ _\nD:\\PycharmProjects\\venv\\Lib\\site-packages\\selenium\\webdriver\\remote\\webdriver.py:770: in find_element\n    return self.execute(Command.FIND_ELEMENT, {\"using\": by, \"value\": value})[\"value\"]\nD:\\PycharmProjects\\venv\\Lib\\site-packages\\selenium\\webdriver\\remote\\webdriver.py:384: in execute\n    self.error_handler.check_response(response)\n_ _ _ _ _ _ _ _ _ _ _ _ _ _ _ _ _ _ _ _ _ _ _ _ _ _ _ _ _ _ _ _ _ _ _ _ _ _ _ _ _ _ _ _ _ _ _ _ _ _ _ _ _ _ _ _ _ _ _ _ _ _ _ _ _ _ _ _ _ _ _ _ _ _ _ _ _ _ _\n\nself = <selenium.webdriver.remote.errorhandler.ErrorHandler object at 0x000001F3113D68D0>\nresponse = {'status': 404, 'value': '{\"value\":{\"error\":\"no such element\",\"message\":\"no such element: Unable to locate element: {\\...9+25]\\\\n\\\\tRtlInitializeExceptionChain [0x7764CDEB+107]\\\\n\\\\tRtlGetAppContainerNamedObjectPath [0x7764CD71+561]\\\\n\"}}'}\n\n    def check_response(self, response: Dict[str, Any]) -> None:\n        \"\"\"Checks that a JSON response from the WebDriver does not have an\n        error.\n    \n        :Args:\n         - response - The JSON response from the WebDriver server as a dictionary\n           object.\n    \n        :Raises: If the response contains an error message.\n        \"\"\"\n        status = response.get(\"status\", None)\n        if not status or status == ErrorCode.SUCCESS:\n            return\n        value = None\n        message = response.get(\"message\", \"\")\n        screen: str = response.get(\"screen\", \"\")\n        stacktrace = None\n        if isinstance(status, int):\n            value_json = response.get(\"value\", None)\n            if value_json and isinstance(value_json, str):\n                import json\n    \n                try:\n                    value = json.loads(value_json)\n                    if len(value) == 1:\n                        value = value[\"value\"]\n                    status = value.get(\"error\", None)\n                    if not status:\n                        status = value.get(\"status\", ErrorCode.UNKNOWN_ERROR)\n                        message = value.get(\"value\") or value.get(\"message\")\n                        if not isinstance(message, str):\n                            value = message\n                            message = message.get(\"message\")\n                    else:\n                        message = value.get(\"message\", None)\n                except ValueError:\n                    pass\n    \n        exception_class: Type[WebDriverException]\n        e = ErrorCode()\n        error_codes = [item for item in dir(e) if not item.startswith(\"__\")]\n        for error_code in error_codes:\n            error_info = getattr(ErrorCode, error_code)\n            if isinstance(error_info, list) and status in error_info:\n                exception_class = getattr(ExceptionMapping, error_code, WebDriverException)\n                break\n        else:\n            exception_class = WebDriverException\n    \n        if not value:\n            value = response[\"value\"]\n        if isinstance(value, str):\n            raise exception_class(value)\n        if message == \"\" and \"message\" in value:\n            message = value[\"message\"]\n    \n        screen = None  # type: ignore[assignment]\n        if \"screen\" in value:\n            screen = value[\"screen\"]\n    \n        stacktrace = None\n        st_value = value.get(\"stackTrace\") or value.get(\"stacktrace\")\n        if st_value:\n            if isinstance(st_value, str):\n                stacktrace = st_value.split(\"\\n\")\n            else:\n                stacktrace = []\n                try:\n                    for frame in st_value:\n                        line = frame.get(\"lineNumber\", \"\")\n                        file = frame.get(\"fileName\", \"<anonymous>\")\n                        if line:\n                            file = f\"{file}:{line}\"\n                        meth = frame.get(\"methodName\", \"<anonymous>\")\n                        if \"className\" in frame:\n                            meth = f\"{frame['className']}.{meth}\"\n                        msg = \"    at %s (%s)\"\n                        msg = msg % (meth, file)\n                        stacktrace.append(msg)\n                except TypeError:\n                    pass\n        if exception_class == UnexpectedAlertPresentException:\n            alert_text = None\n            if \"data\" in value:\n                alert_text = value[\"data\"].get(\"text\")\n            elif \"alert\" in value:\n                alert_text = value[\"alert\"].get(\"text\")\n            raise exception_class(message, screen, stacktrace, alert_text)  # type: ignore[call-arg]  # mypy is not smart enough here\n>       raise exception_class(message, screen, stacktrace)\nE       selenium.common.exceptions.NoSuchElementException: Message: no such element: Unable to locate element: {\"method\":\"xpath\",\"selector\":\"//button[text()='View All']\"}\nE         (Session info: chrome=133.0.6943.98); For documentation on this error, please visit: https://www.selenium.dev/documentation/webdriver/troubleshooting/errors#no-such-element-exception\nE       Stacktrace:\nE       \tGetHandleVerifier [0x008C02D3+25139]\nE       \t(No symbol) [0x0084B284]\nE       \t(No symbol) [0x007204A3]\nE       \t(No symbol) [0x00768338]\nE       \t(No symbol) [0x0076868B]\nE       \t(No symbol) [0x007B0F62]\nE       \t(No symbol) [0x0078CF84]\nE       \t(No symbol) [0x007AE6E1]\nE       \t(No symbol) [0x0078CD36]\nE       \t(No symbol) [0x0075BD29]\nE       \t(No symbol) [0x0075D064]\nE       \tGetHandleVerifier [0x00BCB193+3215603]\nE       \tGetHandleVerifier [0x00BE230A+3310186]\nE       \tGetHandleVerifier [0x00BDC522+3286146]\nE       \tGetHandleVerifier [0x00959CD0+654384]\nE       \t(No symbol) [0x0085460D]\nE       \t(No symbol) [0x008514F8]\nE       \t(No symbol) [0x00851697]\nE       \t(No symbol) [0x00843D70]\nE       \tBaseThreadInitThunk [0x76A35D49+25]\nE       \tRtlInitializeExceptionChain [0x7764CDEB+107]\nE       \tRtlGetAppContainerNamedObjectPath [0x7764CD71+561]\n\nD:\\PycharmProjects\\venv\\Lib\\site-packages\\selenium\\webdriver\\remote\\errorhandler.py:232: NoSuchElementException"}, "description": "Verify Device Info page", "start": 1739443763206, "stop": 1739443810625, "uuid": "634b8135-fe3d-4a8c-a5e7-3b4fb44669ae", "historyId": "0ad441957886e221c98c70d770333845", "testCaseId": "0ad441957886e221c98c70d770333845", "fullName": "1Home.test_deviceinfo#test_device_info", "labels": [{"name": "parentSuite", "value": "1Home"}, {"name": "suite", "value": "test_deviceinfo"}, {"name": "host", "value": "Sumesh"}, {"name": "thread", "value": "4180-MainThread"}, {"name": "framework", "value": "pytest"}, {"name": "language", "value": "cpython3"}, {"name": "package", "value": "1Home.test_deviceinfo"}]}